<?xml version="1.0" encoding="UTF-8"?>
<coverage generated="1747282053469" clover="3.2.0">
  <project timestamp="1747282053469" name="All files">
    <metrics statements="307" coveredstatements="110" conditionals="127" coveredconditionals="21" methods="60" coveredmethods="27" elements="494" coveredelements="158" complexity="0" loc="307" ncloc="307" packages="1" files="4" classes="4"/>
    <file name="advanceSettings.ts" path="/Users/kwame007/Desktop/statically-strict-debugger/src/advanceSettings.ts">
      <metrics statements="111" coveredstatements="62" conditionals="22" coveredconditionals="10" methods="22" coveredmethods="16"/>
      <line num="4" count="2" type="stmt"/>
      <line num="51" count="19" type="stmt"/>
      <line num="54" count="2" type="stmt"/>
      <line num="55" count="7" type="stmt"/>
      <line num="56" count="7" type="stmt"/>
      <line num="123" count="7" type="stmt"/>
      <line num="124" count="7" type="cond" truecount="0" falsecount="1"/>
      <line num="125" count="0" type="stmt"/>
      <line num="126" count="0" type="stmt"/>
      <line num="129" count="7" type="stmt"/>
      <line num="148" count="7" type="stmt"/>
      <line num="152" count="7" type="stmt"/>
      <line num="153" count="7" type="stmt"/>
      <line num="154" count="7" type="cond" truecount="0" falsecount="1"/>
      <line num="155" count="0" type="stmt"/>
      <line num="156" count="0" type="stmt"/>
      <line num="158" count="7" type="stmt"/>
      <line num="159" count="7" type="cond" truecount="0" falsecount="1"/>
      <line num="160" count="0" type="stmt"/>
      <line num="161" count="0" type="stmt"/>
      <line num="163" count="7" type="stmt"/>
      <line num="166" count="7" type="stmt"/>
      <line num="169" count="7" type="stmt"/>
      <line num="173" count="1" type="stmt"/>
      <line num="174" count="1" type="stmt"/>
      <line num="178" count="1" type="stmt"/>
      <line num="179" count="1" type="stmt"/>
      <line num="182" count="1" type="cond" truecount="3" falsecount="1"/>
      <line num="184" count="1" type="stmt"/>
      <line num="188" count="1" type="stmt"/>
      <line num="189" count="1" type="stmt"/>
      <line num="190" count="1" type="stmt"/>
      <line num="194" count="2" type="stmt"/>
      <line num="195" count="2" type="stmt"/>
      <line num="198" count="2" type="cond" truecount="1" falsecount="0"/>
      <line num="199" count="2" type="stmt"/>
      <line num="200" count="2" type="stmt"/>
      <line num="203" count="0" type="stmt"/>
      <line num="204" count="0" type="stmt"/>
      <line num="205" count="0" type="cond" truecount="0" falsecount="1"/>
      <line num="206" count="0" type="stmt"/>
      <line num="207" count="0" type="stmt"/>
      <line num="210" count="0" type="stmt"/>
      <line num="211" count="0" type="stmt"/>
      <line num="214" count="0" type="stmt"/>
      <line num="215" count="0" type="cond" truecount="0" falsecount="1"/>
      <line num="216" count="0" type="stmt"/>
      <line num="220" count="0" type="stmt"/>
      <line num="223" count="0" type="stmt"/>
      <line num="227" count="1" type="stmt"/>
      <line num="228" count="1" type="stmt"/>
      <line num="231" count="1" type="cond" truecount="1" falsecount="0"/>
      <line num="232" count="1" type="stmt"/>
      <line num="233" count="1" type="stmt"/>
      <line num="236" count="0" type="stmt"/>
      <line num="237" count="0" type="cond" truecount="0" falsecount="1"/>
      <line num="238" count="0" type="stmt"/>
      <line num="239" count="0" type="stmt"/>
      <line num="242" count="0" type="stmt"/>
      <line num="243" count="0" type="stmt"/>
      <line num="246" count="0" type="stmt"/>
      <line num="247" count="0" type="cond" truecount="0" falsecount="1"/>
      <line num="248" count="0" type="stmt"/>
      <line num="252" count="0" type="stmt"/>
      <line num="255" count="0" type="stmt"/>
      <line num="259" count="0" type="cond" truecount="0" falsecount="1"/>
      <line num="260" count="0" type="stmt"/>
      <line num="261" count="0" type="stmt"/>
      <line num="265" count="0" type="stmt"/>
      <line num="269" count="0" type="stmt"/>
      <line num="270" count="0" type="stmt"/>
      <line num="274" count="7" type="cond" truecount="0" falsecount="1"/>
      <line num="275" count="7" type="stmt"/>
      <line num="279" count="0" type="stmt"/>
      <line num="283" count="2" type="stmt"/>
      <line num="285" count="2" type="stmt"/>
      <line num="286" count="2" type="stmt"/>
      <line num="287" count="2" type="stmt"/>
      <line num="288" count="2" type="stmt"/>
      <line num="290" count="2" type="stmt"/>
      <line num="294" count="1" type="stmt"/>
      <line num="295" count="1" type="stmt"/>
      <line num="296" count="1" type="stmt"/>
      <line num="300" count="1" type="stmt"/>
      <line num="303" count="1" type="stmt"/>
      <line num="304" count="1" type="cond" truecount="1" falsecount="0"/>
      <line num="305" count="1" type="stmt"/>
      <line num="309" count="1" type="stmt"/>
      <line num="310" count="1" type="stmt"/>
      <line num="311" count="60" type="stmt"/>
      <line num="313" count="60" type="cond" truecount="1" falsecount="0"/>
      <line num="318" count="1" type="stmt"/>
      <line num="319" count="1" type="stmt"/>
      <line num="320" count="1" type="cond" truecount="0" falsecount="1"/>
      <line num="321" count="0" type="stmt"/>
      <line num="322" count="0" type="stmt"/>
      <line num="324" count="1" type="stmt"/>
      <line num="329" count="1" type="stmt"/>
      <line num="332" count="1" type="stmt"/>
      <line num="333" count="0" type="stmt"/>
      <line num="334" count="0" type="stmt"/>
      <line num="338" count="0" type="stmt"/>
      <line num="339" count="0" type="stmt"/>
      <line num="345" count="0" type="stmt"/>
      <line num="346" count="0" type="stmt"/>
      <line num="347" count="0" type="cond" truecount="0" falsecount="1"/>
      <line num="348" count="0" type="stmt"/>
      <line num="350" count="0" type="stmt"/>
      <line num="352" count="0" type="stmt"/>
      <line num="353" count="0" type="stmt"/>
      <line num="358" count="2" type="stmt"/>
    </file>
    <file name="basicSettings.ts" path="/Users/kwame007/Desktop/statically-strict-debugger/src/basicSettings.ts">
      <metrics statements="81" coveredstatements="48" conditionals="25" coveredconditionals="11" methods="13" coveredmethods="11"/>
      <line num="3" count="3" type="stmt"/>
      <line num="6" count="39" type="stmt"/>
      <line num="7" count="39" type="stmt"/>
      <line num="10" count="39" type="stmt"/>
      <line num="14" count="2" type="stmt"/>
      <line num="26" count="1" type="stmt"/>
      <line num="27" count="1" type="stmt"/>
      <line num="31" count="1" type="stmt"/>
      <line num="32" count="1" type="stmt"/>
      <line num="37" count="9" type="stmt"/>
      <line num="38" count="8" type="stmt"/>
      <line num="42" count="1" type="stmt"/>
      <line num="43" count="1" type="stmt"/>
      <line num="47" count="11" type="stmt"/>
      <line num="48" count="11" type="cond" truecount="0" falsecount="1"/>
      <line num="49" count="0" type="stmt"/>
      <line num="51" count="11" type="stmt"/>
      <line num="52" count="11" type="cond" truecount="0" falsecount="1"/>
      <line num="53" count="0" type="stmt"/>
      <line num="55" count="11" type="stmt"/>
      <line num="56" count="11" type="stmt"/>
      <line num="57" count="11" type="stmt"/>
      <line num="62" count="3" type="stmt"/>
      <line num="63" count="3" type="stmt"/>
      <line num="64" count="3" type="stmt"/>
      <line num="65" count="3" type="cond" truecount="0" falsecount="1"/>
      <line num="66" count="0" type="stmt"/>
      <line num="67" count="0" type="stmt"/>
      <line num="70" count="3" type="cond" truecount="0" falsecount="1"/>
      <line num="72" count="3" type="stmt"/>
      <line num="74" count="3" type="cond" truecount="1" falsecount="1"/>
      <line num="75" count="3" type="stmt"/>
      <line num="76" count="2" type="stmt"/>
      <line num="77" count="2" type="stmt"/>
      <line num="78" count="2" type="stmt"/>
      <line num="79" count="0" type="stmt"/>
      <line num="81" count="0" type="stmt"/>
      <line num="82" count="0" type="stmt"/>
      <line num="83" count="0" type="stmt"/>
      <line num="89" count="3" type="stmt"/>
      <line num="91" count="3" type="cond" truecount="0" falsecount="1"/>
      <line num="92" count="0" type="stmt"/>
      <line num="93" count="0" type="stmt"/>
      <line num="96" count="3" type="cond" truecount="3" falsecount="0"/>
      <line num="98" count="2" type="stmt"/>
      <line num="99" count="2" type="stmt"/>
      <line num="101" count="2" type="stmt"/>
      <line num="102" count="2" type="cond" truecount="1" falsecount="0"/>
      <line num="103" count="2" type="stmt"/>
      <line num="108" count="5" type="stmt"/>
      <line num="109" count="5" type="stmt"/>
      <line num="111" count="5" type="cond" truecount="3" falsecount="1"/>
      <line num="112" count="0" type="stmt"/>
      <line num="113" count="0" type="stmt"/>
      <line num="116" count="5" type="cond" truecount="1" falsecount="1"/>
      <line num="117" count="5" type="stmt"/>
      <line num="118" count="5" type="cond" truecount="2" falsecount="0"/>
      <line num="119" count="5" type="stmt"/>
      <line num="120" count="5" type="stmt"/>
      <line num="121" count="0" type="cond" truecount="0" falsecount="1"/>
      <line num="123" count="0" type="stmt"/>
      <line num="124" count="0" type="stmt"/>
      <line num="125" count="0" type="cond" truecount="0" falsecount="1"/>
      <line num="129" count="0" type="cond" truecount="0" falsecount="1"/>
      <line num="130" count="0" type="stmt"/>
      <line num="131" count="0" type="cond" truecount="0" falsecount="1"/>
      <line num="132" count="0" type="stmt"/>
      <line num="136" count="0" type="stmt"/>
      <line num="137" count="0" type="stmt"/>
      <line num="138" count="0" type="cond" truecount="0" falsecount="1"/>
      <line num="139" count="0" type="stmt"/>
      <line num="142" count="0" type="stmt"/>
      <line num="143" count="0" type="stmt"/>
      <line num="144" count="0" type="cond" truecount="0" falsecount="1"/>
      <line num="145" count="0" type="stmt"/>
      <line num="146" count="0" type="stmt"/>
      <line num="147" count="0" type="stmt"/>
      <line num="151" count="0" type="stmt"/>
      <line num="154" count="0" type="stmt"/>
      <line num="155" count="0" type="stmt"/>
      <line num="163" count="3" type="stmt"/>
    </file>
    <file name="general.ts" path="/Users/kwame007/Desktop/statically-strict-debugger/src/general.ts">
      <metrics statements="49" coveredstatements="0" conditionals="29" coveredconditionals="0" methods="20" coveredmethods="0"/>
      <line num="5" count="0" type="stmt"/>
      <line num="15" count="0" type="stmt"/>
      <line num="24" count="0" type="stmt"/>
      <line num="27" count="0" type="stmt"/>
      <line num="28" count="0" type="stmt"/>
      <line num="32" count="0" type="cond" truecount="0" falsecount="3"/>
      <line num="33" count="0" type="stmt"/>
      <line num="35" count="0" type="stmt"/>
      <line num="39" count="0" type="stmt"/>
      <line num="43" count="0" type="stmt"/>
      <line num="44" count="0" type="cond" truecount="0" falsecount="8"/>
      <line num="45" count="0" type="stmt"/>
      <line num="49" count="0" type="stmt"/>
      <line num="50" count="0" type="cond" truecount="0" falsecount="2"/>
      <line num="51" count="0" type="stmt"/>
      <line num="55" count="0" type="stmt"/>
      <line num="59" count="0" type="stmt"/>
      <line num="68" count="0" type="stmt"/>
      <line num="69" count="0" type="stmt"/>
      <line num="74" count="0" type="stmt"/>
      <line num="75" count="0" type="cond" truecount="0" falsecount="1"/>
      <line num="76" count="0" type="stmt"/>
      <line num="80" count="0" type="stmt"/>
      <line num="81" count="0" type="stmt"/>
      <line num="82" count="0" type="stmt"/>
      <line num="85" count="0" type="stmt"/>
      <line num="89" count="0" type="stmt"/>
      <line num="93" count="0" type="stmt"/>
      <line num="94" count="0" type="cond" truecount="0" falsecount="2"/>
      <line num="98" count="0" type="stmt"/>
      <line num="102" count="0" type="stmt"/>
      <line num="106" count="0" type="stmt"/>
      <line num="110" count="0" type="stmt"/>
      <line num="114" count="0" type="stmt"/>
      <line num="117" count="0" type="stmt"/>
      <line num="122" count="0" type="cond" truecount="0" falsecount="2"/>
      <line num="123" count="0" type="stmt"/>
      <line num="124" count="0" type="cond" truecount="0" falsecount="2"/>
      <line num="125" count="0" type="stmt"/>
      <line num="126" count="0" type="stmt"/>
      <line num="127" count="0" type="cond" truecount="0" falsecount="2"/>
      <line num="128" count="0" type="stmt"/>
      <line num="131" count="0" type="stmt"/>
      <line num="134" count="0" type="cond" truecount="0" falsecount="4"/>
      <line num="137" count="0" type="cond" truecount="0" falsecount="1"/>
      <line num="139" count="0" type="stmt"/>
      <line num="143" count="0" type="stmt"/>
      <line num="144" count="0" type="stmt"/>
      <line num="145" count="0" type="stmt"/>
    </file>
    <file name="main.ts" path="/Users/kwame007/Desktop/statically-strict-debugger/src/main.ts">
      <metrics statements="66" coveredstatements="0" conditionals="51" coveredconditionals="0" methods="5" coveredmethods="0"/>
      <line num="5" count="0" type="stmt"/>
      <line num="6" count="0" type="stmt"/>
      <line num="7" count="0" type="stmt"/>
      <line num="8" count="0" type="stmt"/>
      <line num="9" count="0" type="stmt"/>
      <line num="10" count="0" type="stmt"/>
      <line num="17" count="0" type="stmt"/>
      <line num="18" count="0" type="stmt"/>
      <line num="21" count="0" type="stmt"/>
      <line num="22" count="0" type="stmt"/>
      <line num="26" count="0" type="cond" truecount="0" falsecount="4"/>
      <line num="27" count="0" type="stmt"/>
      <line num="28" count="0" type="stmt"/>
      <line num="31" count="0" type="stmt"/>
      <line num="32" count="0" type="stmt"/>
      <line num="33" count="0" type="stmt"/>
      <line num="34" count="0" type="stmt"/>
      <line num="36" count="0" type="stmt"/>
      <line num="41" count="0" type="cond" truecount="0" falsecount="4"/>
      <line num="42" count="0" type="stmt"/>
      <line num="45" count="0" type="cond" truecount="0" falsecount="5"/>
      <line num="46" count="0" type="cond" truecount="0" falsecount="4"/>
      <line num="47" count="0" type="cond" truecount="0" falsecount="1"/>
      <line num="48" count="0" type="stmt"/>
      <line num="49" count="0" type="stmt"/>
      <line num="51" count="0" type="stmt"/>
      <line num="52" count="0" type="stmt"/>
      <line num="56" count="0" type="cond" truecount="0" falsecount="5"/>
      <line num="57" count="0" type="stmt"/>
      <line num="58" count="0" type="cond" truecount="0" falsecount="1"/>
      <line num="59" count="0" type="stmt"/>
      <line num="60" count="0" type="stmt"/>
      <line num="62" count="0" type="stmt"/>
      <line num="63" count="0" type="stmt"/>
      <line num="67" count="0" type="cond" truecount="0" falsecount="4"/>
      <line num="68" count="0" type="stmt"/>
      <line num="69" count="0" type="cond" truecount="0" falsecount="3"/>
      <line num="70" count="0" type="stmt"/>
      <line num="71" count="0" type="stmt"/>
      <line num="73" count="0" type="stmt"/>
      <line num="74" count="0" type="cond" truecount="0" falsecount="1"/>
      <line num="75" count="0" type="stmt"/>
      <line num="76" count="0" type="stmt"/>
      <line num="78" count="0" type="stmt"/>
      <line num="82" count="0" type="cond" truecount="0" falsecount="4"/>
      <line num="83" count="0" type="stmt"/>
      <line num="84" count="0" type="cond" truecount="0" falsecount="1"/>
      <line num="85" count="0" type="stmt"/>
      <line num="86" count="0" type="stmt"/>
      <line num="89" count="0" type="cond" truecount="0" falsecount="1"/>
      <line num="90" count="0" type="stmt"/>
      <line num="91" count="0" type="stmt"/>
      <line num="95" count="0" type="cond" truecount="0" falsecount="1"/>
      <line num="96" count="0" type="stmt"/>
      <line num="97" count="0" type="stmt"/>
      <line num="101" count="0" type="cond" truecount="0" falsecount="1"/>
      <line num="102" count="0" type="stmt"/>
      <line num="103" count="0" type="stmt"/>
      <line num="107" count="0" type="cond" truecount="0" falsecount="1"/>
      <line num="108" count="0" type="stmt"/>
      <line num="109" count="0" type="stmt"/>
      <line num="113" count="0" type="cond" truecount="0" falsecount="7"/>
      <line num="114" count="0" type="cond" truecount="0" falsecount="2"/>
      <line num="115" count="0" type="stmt"/>
      <line num="116" count="0" type="cond" truecount="0" falsecount="1"/>
      <line num="117" count="0" type="stmt"/>
    </file>
  </project>
</coverage>
