{"/Users/kwame007/Desktop/statically-strict-debugger/src/advanceSettings.ts": {"path":"/Users/kwame007/Desktop/statically-strict-debugger/src/advanceSettings.ts","statementMap":{"0":{"start":{"line":4,"column":0},"end":{"line":4,"column":36}},"1":{"start":{"line":51,"column":8},"end":{"line":51,"column":16}},"2":{"start":{"line":152,"column":29},"end":{"line":152,"column":67}},"3":{"start":{"line":153,"column":30},"end":{"line":153,"column":96}},"4":{"start":{"line":154,"column":8},"end":{"line":157,"column":9}},"5":{"start":{"line":155,"column":12},"end":{"line":155,"column":54}},"6":{"start":{"line":156,"column":12},"end":{"line":156,"column":19}},"7":{"start":{"line":158,"column":30},"end":{"line":158,"column":75}},"8":{"start":{"line":159,"column":8},"end":{"line":162,"column":9}},"9":{"start":{"line":160,"column":12},"end":{"line":160,"column":54}},"10":{"start":{"line":161,"column":12},"end":{"line":161,"column":19}},"11":{"start":{"line":163,"column":8},"end":{"line":163,"column":56}},"12":{"start":{"line":166,"column":8},"end":{"line":166,"column":97}},"13":{"start":{"line":169,"column":8},"end":{"line":169,"column":50}},"14":{"start":{"line":173,"column":24},"end":{"line":173,"column":105}},"15":{"start":{"line":174,"column":8},"end":{"line":174,"column":50}},"16":{"start":{"line":178,"column":30},"end":{"line":178,"column":75}},"17":{"start":{"line":179,"column":29},"end":{"line":179,"column":64}},"18":{"start":{"line":182,"column":8},"end":{"line":182,"column":null}},"19":{"start":{"line":184,"column":8},"end":{"line":184,"column":53}},"20":{"start":{"line":188,"column":24},"end":{"line":188,"column":116}},"21":{"start":{"line":189,"column":8},"end":{"line":189,"column":27}},"22":{"start":{"line":190,"column":8},"end":{"line":190,"column":15}},"23":{"start":{"line":194,"column":24},"end":{"line":194,"column":104}},"24":{"start":{"line":195,"column":26},"end":{"line":195,"column":33}},"25":{"start":{"line":198,"column":8},"end":{"line":201,"column":9}},"26":{"start":{"line":199,"column":12},"end":{"line":199,"column":52}},"27":{"start":{"line":200,"column":12},"end":{"line":200,"column":19}},"28":{"start":{"line":203,"column":29},"end":{"line":203,"column":56}},"29":{"start":{"line":204,"column":26},"end":{"line":204,"column":102}},"30":{"start":{"line":205,"column":8},"end":{"line":208,"column":9}},"31":{"start":{"line":206,"column":12},"end":{"line":206,"column":54}},"32":{"start":{"line":207,"column":12},"end":{"line":207,"column":19}},"33":{"start":{"line":210,"column":8},"end":{"line":210,"column":33}},"34":{"start":{"line":211,"column":8},"end":{"line":211,"column":32}},"35":{"start":{"line":214,"column":28},"end":{"line":214,"column":71}},"36":{"start":{"line":215,"column":8},"end":{"line":217,"column":9}},"37":{"start":{"line":216,"column":12},"end":{"line":216,"column":81}},"38":{"start":{"line":220,"column":8},"end":{"line":220,"column":44}},"39":{"start":{"line":223,"column":8},"end":{"line":223,"column":56}},"40":{"start":{"line":227,"column":24},"end":{"line":227,"column":105}},"41":{"start":{"line":228,"column":26},"end":{"line":228,"column":33}},"42":{"start":{"line":231,"column":8},"end":{"line":234,"column":9}},"43":{"start":{"line":232,"column":12},"end":{"line":232,"column":52}},"44":{"start":{"line":233,"column":12},"end":{"line":233,"column":19}},"45":{"start":{"line":236,"column":26},"end":{"line":236,"column":112}},"46":{"start":{"line":237,"column":8},"end":{"line":240,"column":9}},"47":{"start":{"line":238,"column":12},"end":{"line":238,"column":54}},"48":{"start":{"line":239,"column":12},"end":{"line":239,"column":19}},"49":{"start":{"line":242,"column":8},"end":{"line":242,"column":34}},"50":{"start":{"line":243,"column":8},"end":{"line":243,"column":27}},"51":{"start":{"line":246,"column":28},"end":{"line":246,"column":72}},"52":{"start":{"line":247,"column":8},"end":{"line":249,"column":9}},"53":{"start":{"line":248,"column":12},"end":{"line":248,"column":82}},"54":{"start":{"line":252,"column":8},"end":{"line":252,"column":44}},"55":{"start":{"line":255,"column":8},"end":{"line":255,"column":57}},"56":{"start":{"line":259,"column":8},"end":{"line":259,"column":55}},"57":{"start":{"line":259,"column":28},"end":{"line":259,"column":55}},"58":{"start":{"line":260,"column":26},"end":{"line":260,"column":74}},"59":{"start":{"line":261,"column":8},"end":{"line":261,"column":25}},"60":{"start":{"line":265,"column":8},"end":{"line":265,"column":83}},"61":{"start":{"line":269,"column":34},"end":{"line":269,"column":78}},"62":{"start":{"line":270,"column":8},"end":{"line":270,"column":45}},"63":{"start":{"line":274,"column":8},"end":{"line":274,"column":31}},"64":{"start":{"line":274,"column":19},"end":{"line":274,"column":31}},"65":{"start":{"line":275,"column":8},"end":{"line":275,"column":37}},"66":{"start":{"line":279,"column":8},"end":{"line":279,"column":20}},"67":{"start":{"line":283,"column":28},"end":{"line":283,"column":43}},"68":{"start":{"line":285,"column":31},"end":{"line":285,"column":41}},"69":{"start":{"line":286,"column":8},"end":{"line":286,"column":48}},"70":{"start":{"line":287,"column":8},"end":{"line":287,"column":49}},"71":{"start":{"line":288,"column":8},"end":{"line":288,"column":37}},"72":{"start":{"line":290,"column":8},"end":{"line":290,"column":30}},"73":{"start":{"line":294,"column":20},"end":{"line":294,"column":30}},"74":{"start":{"line":295,"column":24},"end":{"line":295,"column":79}},"75":{"start":{"line":296,"column":8},"end":{"line":296,"column":23}},"76":{"start":{"line":300,"column":8},"end":{"line":341,"column":11}},"77":{"start":{"line":303,"column":28},"end":{"line":307,"column":13}},"78":{"start":{"line":304,"column":16},"end":{"line":306,"column":17}},"79":{"start":{"line":305,"column":20},"end":{"line":305,"column":46}},"80":{"start":{"line":309,"column":12},"end":{"line":340,"column":13}},"81":{"start":{"line":310,"column":45},"end":{"line":326,"column":17}},"82":{"start":{"line":311,"column":32},"end":{"line":311,"column":42}},"83":{"start":{"line":313,"column":20},"end":{"line":325,"column":21}},"84":{"start":{"line":318,"column":24},"end":{"line":318,"column":34}},"85":{"start":{"line":319,"column":40},"end":{"line":319,"column":72}},"86":{"start":{"line":320,"column":24},"end":{"line":323,"column":25}},"87":{"start":{"line":321,"column":28},"end":{"line":321,"column":77}},"88":{"start":{"line":322,"column":28},"end":{"line":322,"column":35}},"89":{"start":{"line":324,"column":24},"end":{"line":324,"column":65}},"90":{"start":{"line":329,"column":16},"end":{"line":329,"column":76}},"91":{"start":{"line":332,"column":16},"end":{"line":335,"column":40}},"92":{"start":{"line":333,"column":20},"end":{"line":333,"column":30}},"93":{"start":{"line":334,"column":20},"end":{"line":334,"column":65}},"94":{"start":{"line":338,"column":16},"end":{"line":338,"column":26}},"95":{"start":{"line":339,"column":16},"end":{"line":339,"column":30}},"96":{"start":{"line":345,"column":8},"end":{"line":354,"column":9}},"97":{"start":{"line":346,"column":34},"end":{"line":346,"column":55}},"98":{"start":{"line":347,"column":12},"end":{"line":349,"column":13}},"99":{"start":{"line":348,"column":16},"end":{"line":348,"column":55}},"100":{"start":{"line":350,"column":12},"end":{"line":350,"column":62}},"101":{"start":{"line":352,"column":12},"end":{"line":352,"column":60}},"102":{"start":{"line":353,"column":12},"end":{"line":353,"column":24}},"103":{"start":{"line":54,"column":12},"end":{"line":149,"column":null}},"104":{"start":{"line":55,"column":53},"end":{"line":55,"column":62}},"105":{"start":{"line":56,"column":8},"end":{"line":119,"column":null}},"106":{"start":{"line":123,"column":20},"end":{"line":123,"column":66}},"107":{"start":{"line":124,"column":8},"end":{"line":127,"column":9}},"108":{"start":{"line":125,"column":12},"end":{"line":125,"column":54}},"109":{"start":{"line":126,"column":12},"end":{"line":126,"column":19}},"110":{"start":{"line":129,"column":39},"end":{"line":146,"column":10}},"111":{"start":{"line":148,"column":8},"end":{"line":148,"column":36}},"112":{"start":{"line":358,"column":0},"end":{"line":358,"column":31}}},"fnMap":{"0":{"name":"(anonymous_9)","decl":{"start":{"line":50,"column":4},"end":{"line":50,"column":null}},"loc":{"start":{"line":50,"column":4},"end":{"line":52,"column":5}}},"1":{"name":"(anonymous_10)","decl":{"start":{"line":151,"column":4},"end":{"line":151,"column":14}},"loc":{"start":{"line":151,"column":35},"end":{"line":170,"column":5}}},"2":{"name":"(anonymous_11)","decl":{"start":{"line":172,"column":4},"end":{"line":172,"column":24}},"loc":{"start":{"line":172,"column":52},"end":{"line":175,"column":5}}},"3":{"name":"(anonymous_12)","decl":{"start":{"line":177,"column":4},"end":{"line":177,"column":19}},"loc":{"start":{"line":177,"column":19},"end":{"line":185,"column":5}}},"4":{"name":"(anonymous_13)","decl":{"start":{"line":187,"column":4},"end":{"line":187,"column":26}},"loc":{"start":{"line":187,"column":87},"end":{"line":191,"column":5}}},"5":{"name":"(anonymous_14)","decl":{"start":{"line":193,"column":4},"end":{"line":193,"column":30}},"loc":{"start":{"line":193,"column":59},"end":{"line":224,"column":5}}},"6":{"name":"(anonymous_15)","decl":{"start":{"line":226,"column":4},"end":{"line":226,"column":31}},"loc":{"start":{"line":226,"column":60},"end":{"line":256,"column":5}}},"7":{"name":"(anonymous_16)","decl":{"start":{"line":258,"column":4},"end":{"line":258,"column":24}},"loc":{"start":{"line":258,"column":46},"end":{"line":262,"column":5}}},"8":{"name":"(anonymous_17)","decl":{"start":{"line":264,"column":4},"end":{"line":264,"column":23}},"loc":{"start":{"line":264,"column":45},"end":{"line":266,"column":5}}},"9":{"name":"(anonymous_18)","decl":{"start":{"line":268,"column":4},"end":{"line":268,"column":14}},"loc":{"start":{"line":268,"column":65},"end":{"line":271,"column":5}}},"10":{"name":"(anonymous_19)","decl":{"start":{"line":273,"column":4},"end":{"line":273,"column":18}},"loc":{"start":{"line":273,"column":31},"end":{"line":276,"column":5}}},"11":{"name":"(anonymous_20)","decl":{"start":{"line":278,"column":4},"end":{"line":278,"column":20}},"loc":{"start":{"line":278,"column":20},"end":{"line":280,"column":5}}},"12":{"name":"(anonymous_21)","decl":{"start":{"line":282,"column":4},"end":{"line":282,"column":14}},"loc":{"start":{"line":282,"column":27},"end":{"line":291,"column":5}}},"13":{"name":"(anonymous_22)","decl":{"start":{"line":293,"column":4},"end":{"line":293,"column":18}},"loc":{"start":{"line":293,"column":39},"end":{"line":297,"column":5}}},"14":{"name":"(anonymous_23)","decl":{"start":{"line":299,"column":10},"end":{"line":299,"column":15}},"loc":{"start":{"line":299,"column":48},"end":{"line":342,"column":null}}},"15":{"name":"(anonymous_25)","decl":{"start":{"line":300,"column":27},"end":{"line":300,"column":28}},"loc":{"start":{"line":300,"column":47},"end":{"line":341,"column":9}}},"16":{"name":"(anonymous_26)","decl":{"start":{"line":303,"column":28},"end":{"line":303,"column":31}},"loc":{"start":{"line":303,"column":33},"end":{"line":307,"column":13}}},"17":{"name":"(anonymous_27)","decl":{"start":{"line":310,"column":45},"end":{"line":310,"column":48}},"loc":{"start":{"line":310,"column":50},"end":{"line":326,"column":17}}},"18":{"name":"(anonymous_28)","decl":{"start":{"line":332,"column":27},"end":{"line":332,"column":30}},"loc":{"start":{"line":332,"column":32},"end":{"line":335,"column":17}}},"19":{"name":"(anonymous_29)","decl":{"start":{"line":344,"column":10},"end":{"line":344,"column":23}},"loc":{"start":{"line":344,"column":58},"end":{"line":355,"column":null}}},"20":{"name":"_AdvanceSettings_markup","decl":{"start":{"line":54,"column":12},"end":{"line":54,"column":32}},"loc":{"start":{"line":54,"column":32},"end":{"line":120,"column":5}}},"21":{"name":"_AdvanceSettings_analyticsUsage","decl":{"start":{"line":120,"column":5},"end":{"line":120,"column":null}},"loc":{"start":{"line":122,"column":34},"end":{"line":149,"column":5}}}},"branchMap":{"0":{"loc":{"start":{"line":154,"column":8},"end":{"line":157,"column":9}},"type":"if","locations":[{"start":{"line":154,"column":8},"end":{"line":157,"column":9}}]},"1":{"loc":{"start":{"line":159,"column":8},"end":{"line":162,"column":9}},"type":"if","locations":[{"start":{"line":159,"column":8},"end":{"line":162,"column":9}}]},"2":{"loc":{"start":{"line":182,"column":8},"end":{"line":182,"column":30}},"type":"cond-expr","locations":[{"start":{"line":182,"column":20},"end":{"line":182,"column":22}},{"start":{"line":182,"column":8},"end":{"line":182,"column":30}}]},"3":{"loc":{"start":{"line":182,"column":8},"end":{"line":182,"column":22}},"type":"binary-expr","locations":[{"start":{"line":182,"column":8},"end":{"line":182,"column":22}},{"start":{"line":182,"column":8},"end":{"line":182,"column":22}}]},"4":{"loc":{"start":{"line":198,"column":8},"end":{"line":201,"column":9}},"type":"if","locations":[{"start":{"line":198,"column":8},"end":{"line":201,"column":9}}]},"5":{"loc":{"start":{"line":205,"column":8},"end":{"line":208,"column":9}},"type":"if","locations":[{"start":{"line":205,"column":8},"end":{"line":208,"column":9}}]},"6":{"loc":{"start":{"line":215,"column":8},"end":{"line":217,"column":9}},"type":"if","locations":[{"start":{"line":215,"column":8},"end":{"line":217,"column":9}}]},"7":{"loc":{"start":{"line":231,"column":8},"end":{"line":234,"column":9}},"type":"if","locations":[{"start":{"line":231,"column":8},"end":{"line":234,"column":9}}]},"8":{"loc":{"start":{"line":237,"column":8},"end":{"line":240,"column":9}},"type":"if","locations":[{"start":{"line":237,"column":8},"end":{"line":240,"column":9}}]},"9":{"loc":{"start":{"line":247,"column":8},"end":{"line":249,"column":9}},"type":"if","locations":[{"start":{"line":247,"column":8},"end":{"line":249,"column":9}}]},"10":{"loc":{"start":{"line":259,"column":8},"end":{"line":259,"column":55}},"type":"if","locations":[{"start":{"line":259,"column":8},"end":{"line":259,"column":55}}]},"11":{"loc":{"start":{"line":274,"column":8},"end":{"line":274,"column":31}},"type":"if","locations":[{"start":{"line":274,"column":8},"end":{"line":274,"column":31}}]},"12":{"loc":{"start":{"line":304,"column":16},"end":{"line":306,"column":17}},"type":"if","locations":[{"start":{"line":304,"column":16},"end":{"line":306,"column":17}}]},"13":{"loc":{"start":{"line":313,"column":20},"end":{"line":325,"column":21}},"type":"if","locations":[{"start":{"line":313,"column":20},"end":{"line":325,"column":21}}]},"14":{"loc":{"start":{"line":314,"column":24},"end":{"line":316,"column":62}},"type":"binary-expr","locations":[{"start":{"line":314,"column":24},"end":{"line":314,"column":58}},{"start":{"line":315,"column":24},"end":{"line":315,"column":62}},{"start":{"line":316,"column":24},"end":{"line":316,"column":62}}]},"15":{"loc":{"start":{"line":320,"column":24},"end":{"line":323,"column":25}},"type":"if","locations":[{"start":{"line":320,"column":24},"end":{"line":323,"column":25}}]},"16":{"loc":{"start":{"line":347,"column":12},"end":{"line":349,"column":13}},"type":"if","locations":[{"start":{"line":347,"column":12},"end":{"line":349,"column":13}}]},"17":{"loc":{"start":{"line":124,"column":8},"end":{"line":127,"column":9}},"type":"if","locations":[{"start":{"line":124,"column":8},"end":{"line":127,"column":9}}]}},"s":{"0":2,"1":19,"2":7,"3":7,"4":7,"5":0,"6":0,"7":7,"8":7,"9":0,"10":0,"11":7,"12":7,"13":7,"14":1,"15":1,"16":1,"17":1,"18":1,"19":1,"20":1,"21":1,"22":1,"23":2,"24":2,"25":2,"26":2,"27":2,"28":0,"29":0,"30":0,"31":0,"32":0,"33":0,"34":0,"35":0,"36":0,"37":0,"38":0,"39":0,"40":1,"41":1,"42":1,"43":1,"44":1,"45":0,"46":0,"47":0,"48":0,"49":0,"50":0,"51":0,"52":0,"53":0,"54":0,"55":0,"56":0,"57":0,"58":0,"59":0,"60":0,"61":0,"62":0,"63":7,"64":0,"65":7,"66":0,"67":2,"68":2,"69":2,"70":2,"71":2,"72":2,"73":1,"74":1,"75":1,"76":1,"77":1,"78":1,"79":1,"80":1,"81":1,"82":60,"83":60,"84":1,"85":1,"86":1,"87":0,"88":0,"89":1,"90":1,"91":1,"92":0,"93":0,"94":0,"95":0,"96":0,"97":0,"98":0,"99":0,"100":0,"101":0,"102":0,"103":2,"104":7,"105":7,"106":7,"107":7,"108":0,"109":0,"110":7,"111":7,"112":2},"f":{"0":19,"1":7,"2":1,"3":1,"4":1,"5":2,"6":1,"7":0,"8":0,"9":0,"10":7,"11":0,"12":2,"13":1,"14":1,"15":1,"16":1,"17":60,"18":0,"19":0,"20":7,"21":7},"b":{"0":[0],"1":[0],"2":[0,1],"3":[1,1],"4":[2],"5":[0],"6":[0],"7":[1],"8":[0],"9":[0],"10":[0],"11":[0],"12":[1],"13":[1],"14":[60,60,28],"15":[0],"16":[0],"17":[0]}}
,"/Users/kwame007/Desktop/statically-strict-debugger/src/basicSettings.ts": {"path":"/Users/kwame007/Desktop/statically-strict-debugger/src/basicSettings.ts","statementMap":{"0":{"start":{"line":3,"column":0},"end":{"line":3,"column":32}},"1":{"start":{"line":10,"column":8},"end":{"line":10,"column":16}},"2":{"start":{"line":6,"column":12},"end":{"line":6,"column":67}},"3":{"start":{"line":7,"column":12},"end":{"line":7,"column":73}},"4":{"start":{"line":14,"column":8},"end":{"line":21,"column":10}},"5":{"start":{"line":26,"column":21},"end":{"line":26,"column":47}},"6":{"start":{"line":27,"column":8},"end":{"line":27,"column":51}},"7":{"start":{"line":31,"column":8},"end":{"line":33,"column":17}},"8":{"start":{"line":32,"column":12},"end":{"line":32,"column":29}},"9":{"start":{"line":37,"column":8},"end":{"line":37,"column":79}},"10":{"start":{"line":38,"column":8},"end":{"line":38,"column":92}},"11":{"start":{"line":42,"column":8},"end":{"line":42,"column":83}},"12":{"start":{"line":43,"column":8},"end":{"line":43,"column":88}},"13":{"start":{"line":47,"column":21},"end":{"line":47,"column":80}},"14":{"start":{"line":48,"column":8},"end":{"line":50,"column":9}},"15":{"start":{"line":49,"column":12},"end":{"line":49,"column":93}},"16":{"start":{"line":51,"column":30},"end":{"line":51,"column":53}},"17":{"start":{"line":52,"column":8},"end":{"line":54,"column":9}},"18":{"start":{"line":53,"column":12},"end":{"line":53,"column":77}},"19":{"start":{"line":55,"column":29},"end":{"line":55,"column":65}},"20":{"start":{"line":56,"column":27},"end":{"line":56,"column":84}},"21":{"start":{"line":57,"column":8},"end":{"line":57,"column":65}},"22":{"start":{"line":62,"column":26},"end":{"line":62,"column":74}},"23":{"start":{"line":63,"column":71},"end":{"line":63,"column":80}},"24":{"start":{"line":64,"column":23},"end":{"line":64,"column":113}},"25":{"start":{"line":65,"column":8},"end":{"line":68,"column":9}},"26":{"start":{"line":66,"column":12},"end":{"line":66,"column":59}},"27":{"start":{"line":67,"column":12},"end":{"line":67,"column":19}},"28":{"start":{"line":70,"column":8},"end":{"line":70,"column":31}},"29":{"start":{"line":70,"column":24},"end":{"line":70,"column":31}},"30":{"start":{"line":72,"column":8},"end":{"line":72,"column":51}},"31":{"start":{"line":74,"column":8},"end":{"line":84,"column":9}},"32":{"start":{"line":75,"column":12},"end":{"line":75,"column":60}},"33":{"start":{"line":76,"column":12},"end":{"line":76,"column":41}},"34":{"start":{"line":77,"column":35},"end":{"line":77,"column":64}},"35":{"start":{"line":78,"column":12},"end":{"line":78,"column":82}},"36":{"start":{"line":79,"column":12},"end":{"line":79,"column":63}},"37":{"start":{"line":81,"column":12},"end":{"line":81,"column":61}},"38":{"start":{"line":82,"column":12},"end":{"line":82,"column":68}},"39":{"start":{"line":83,"column":12},"end":{"line":83,"column":42}},"40":{"start":{"line":89,"column":34},"end":{"line":89,"column":71}},"41":{"start":{"line":91,"column":8},"end":{"line":94,"column":9}},"42":{"start":{"line":92,"column":12},"end":{"line":92,"column":59}},"43":{"start":{"line":93,"column":12},"end":{"line":93,"column":19}},"44":{"start":{"line":96,"column":8},"end":{"line":96,"column":77}},"45":{"start":{"line":96,"column":70},"end":{"line":96,"column":77}},"46":{"start":{"line":98,"column":8},"end":{"line":98,"column":49}},"47":{"start":{"line":99,"column":8},"end":{"line":99,"column":48}},"48":{"start":{"line":101,"column":28},"end":{"line":101,"column":84}},"49":{"start":{"line":102,"column":8},"end":{"line":104,"column":9}},"50":{"start":{"line":103,"column":12},"end":{"line":103,"column":82}},"51":{"start":{"line":108,"column":71},"end":{"line":108,"column":119}},"52":{"start":{"line":109,"column":23},"end":{"line":109,"column":113}},"53":{"start":{"line":111,"column":8},"end":{"line":114,"column":9}},"54":{"start":{"line":112,"column":12},"end":{"line":112,"column":57}},"55":{"start":{"line":113,"column":12},"end":{"line":113,"column":19}},"56":{"start":{"line":116,"column":8},"end":{"line":126,"column":9}},"57":{"start":{"line":117,"column":12},"end":{"line":117,"column":60}},"58":{"start":{"line":118,"column":12},"end":{"line":118,"column":69}},"59":{"start":{"line":119,"column":35},"end":{"line":119,"column":64}},"60":{"start":{"line":120,"column":12},"end":{"line":120,"column":81}},"61":{"start":{"line":121,"column":12},"end":{"line":121,"column":75}},"62":{"start":{"line":121,"column":24},"end":{"line":121,"column":75}},"63":{"start":{"line":123,"column":12},"end":{"line":123,"column":61}},"64":{"start":{"line":124,"column":12},"end":{"line":124,"column":68}},"65":{"start":{"line":125,"column":12},"end":{"line":125,"column":43}},"66":{"start":{"line":125,"column":24},"end":{"line":125,"column":43}},"67":{"start":{"line":129,"column":8},"end":{"line":156,"column":9}},"68":{"start":{"line":130,"column":37},"end":{"line":130,"column":69}},"69":{"start":{"line":131,"column":12},"end":{"line":133,"column":13}},"70":{"start":{"line":132,"column":16},"end":{"line":132,"column":70}},"71":{"start":{"line":136,"column":29},"end":{"line":152,"column":13}},"72":{"start":{"line":137,"column":40},"end":{"line":137,"column":73}},"73":{"start":{"line":138,"column":16},"end":{"line":140,"column":17}},"74":{"start":{"line":139,"column":20},"end":{"line":139,"column":50}},"75":{"start":{"line":142,"column":32},"end":{"line":149,"column":22}},"76":{"start":{"line":143,"column":41},"end":{"line":143,"column":95}},"77":{"start":{"line":144,"column":20},"end":{"line":148,"column":21}},"78":{"start":{"line":145,"column":24},"end":{"line":145,"column":64}},"79":{"start":{"line":146,"column":47},"end":{"line":146,"column":64}},"80":{"start":{"line":147,"column":24},"end":{"line":147,"column":93}},"81":{"start":{"line":151,"column":16},"end":{"line":151,"column":59}},"82":{"start":{"line":154,"column":12},"end":{"line":154,"column":55}},"83":{"start":{"line":155,"column":12},"end":{"line":155,"column":55}},"84":{"start":{"line":163,"column":0},"end":{"line":163,"column":21}}},"fnMap":{"0":{"name":"(anonymous_1)","decl":{"start":{"line":9,"column":4},"end":{"line":9,"column":null}},"loc":{"start":{"line":9,"column":4},"end":{"line":11,"column":5}}},"1":{"name":"(anonymous_2)","decl":{"start":{"line":13,"column":4},"end":{"line":13,"column":16}},"loc":{"start":{"line":13,"column":33},"end":{"line":23,"column":5}}},"2":{"name":"(anonymous_3)","decl":{"start":{"line":25,"column":4},"end":{"line":25,"column":23}},"loc":{"start":{"line":25,"column":87},"end":{"line":28,"column":5}}},"3":{"name":"(anonymous_4)","decl":{"start":{"line":30,"column":4},"end":{"line":30,"column":22}},"loc":{"start":{"line":30,"column":43},"end":{"line":34,"column":5}}},"4":{"name":"(anonymous_5)","decl":{"start":{"line":31,"column":19},"end":{"line":31,"column":22}},"loc":{"start":{"line":31,"column":24},"end":{"line":33,"column":9}}},"5":{"name":"(anonymous_6)","decl":{"start":{"line":36,"column":4},"end":{"line":36,"column":17}},"loc":{"start":{"line":36,"column":49},"end":{"line":39,"column":5}}},"6":{"name":"(anonymous_7)","decl":{"start":{"line":41,"column":4},"end":{"line":41,"column":18}},"loc":{"start":{"line":41,"column":50},"end":{"line":44,"column":5}}},"7":{"name":"(anonymous_8)","decl":{"start":{"line":46,"column":4},"end":{"line":46,"column":27}},"loc":{"start":{"line":46,"column":58},"end":{"line":59,"column":5}}},"8":{"name":"(anonymous_9)","decl":{"start":{"line":61,"column":4},"end":{"line":61,"column":21}},"loc":{"start":{"line":61,"column":52},"end":{"line":85,"column":5}}},"9":{"name":"(anonymous_10)","decl":{"start":{"line":88,"column":4},"end":{"line":88,"column":30}},"loc":{"start":{"line":88,"column":70},"end":{"line":105,"column":5}}},"10":{"name":"(anonymous_11)","decl":{"start":{"line":107,"column":4},"end":{"line":107,"column":15}},"loc":{"start":{"line":107,"column":67},"end":{"line":157,"column":5}}},"11":{"name":"(anonymous_12)","decl":{"start":{"line":136,"column":29},"end":{"line":136,"column":30}},"loc":{"start":{"line":136,"column":46},"end":{"line":152,"column":13}}},"12":{"name":"(anonymous_13)","decl":{"start":{"line":142,"column":43},"end":{"line":142,"column":46}},"loc":{"start":{"line":142,"column":48},"end":{"line":149,"column":17}}}},"branchMap":{"0":{"loc":{"start":{"line":48,"column":8},"end":{"line":50,"column":9}},"type":"if","locations":[{"start":{"line":48,"column":8},"end":{"line":50,"column":9}}]},"1":{"loc":{"start":{"line":52,"column":8},"end":{"line":54,"column":9}},"type":"if","locations":[{"start":{"line":52,"column":8},"end":{"line":54,"column":9}}]},"2":{"loc":{"start":{"line":65,"column":8},"end":{"line":68,"column":9}},"type":"if","locations":[{"start":{"line":65,"column":8},"end":{"line":68,"column":9}}]},"3":{"loc":{"start":{"line":70,"column":8},"end":{"line":70,"column":31}},"type":"if","locations":[{"start":{"line":70,"column":8},"end":{"line":70,"column":31}}]},"4":{"loc":{"start":{"line":74,"column":8},"end":{"line":84,"column":9}},"type":"if","locations":[{"start":{"line":74,"column":8},"end":{"line":84,"column":9}},{"start":{"line":80,"column":15},"end":{"line":84,"column":9}}]},"5":{"loc":{"start":{"line":91,"column":8},"end":{"line":94,"column":9}},"type":"if","locations":[{"start":{"line":91,"column":8},"end":{"line":94,"column":9}}]},"6":{"loc":{"start":{"line":96,"column":8},"end":{"line":96,"column":77}},"type":"if","locations":[{"start":{"line":96,"column":8},"end":{"line":96,"column":77}}]},"7":{"loc":{"start":{"line":96,"column":12},"end":{"line":96,"column":68}},"type":"binary-expr","locations":[{"start":{"line":96,"column":12},"end":{"line":96,"column":41}},{"start":{"line":96,"column":45},"end":{"line":96,"column":68}}]},"8":{"loc":{"start":{"line":102,"column":8},"end":{"line":104,"column":9}},"type":"if","locations":[{"start":{"line":102,"column":8},"end":{"line":104,"column":9}}]},"9":{"loc":{"start":{"line":111,"column":8},"end":{"line":114,"column":9}},"type":"if","locations":[{"start":{"line":111,"column":8},"end":{"line":114,"column":9}}]},"10":{"loc":{"start":{"line":111,"column":12},"end":{"line":111,"column":54}},"type":"binary-expr","locations":[{"start":{"line":111,"column":12},"end":{"line":111,"column":22}},{"start":{"line":111,"column":26},"end":{"line":111,"column":39}},{"start":{"line":111,"column":43},"end":{"line":111,"column":54}}]},"11":{"loc":{"start":{"line":116,"column":8},"end":{"line":126,"column":9}},"type":"if","locations":[{"start":{"line":116,"column":8},"end":{"line":126,"column":9}},{"start":{"line":122,"column":15},"end":{"line":126,"column":9}}]},"12":{"loc":{"start":{"line":118,"column":39},"end":{"line":118,"column":68}},"type":"binary-expr","locations":[{"start":{"line":118,"column":39},"end":{"line":118,"column":63}},{"start":{"line":118,"column":67},"end":{"line":118,"column":68}}]},"13":{"loc":{"start":{"line":121,"column":12},"end":{"line":121,"column":75}},"type":"if","locations":[{"start":{"line":121,"column":12},"end":{"line":121,"column":75}}]},"14":{"loc":{"start":{"line":125,"column":12},"end":{"line":125,"column":43}},"type":"if","locations":[{"start":{"line":125,"column":12},"end":{"line":125,"column":43}}]},"15":{"loc":{"start":{"line":129,"column":8},"end":{"line":156,"column":9}},"type":"if","locations":[{"start":{"line":129,"column":8},"end":{"line":156,"column":9}}]},"16":{"loc":{"start":{"line":131,"column":12},"end":{"line":133,"column":13}},"type":"if","locations":[{"start":{"line":131,"column":12},"end":{"line":133,"column":13}}]},"17":{"loc":{"start":{"line":138,"column":16},"end":{"line":140,"column":17}},"type":"if","locations":[{"start":{"line":138,"column":16},"end":{"line":140,"column":17}}]},"18":{"loc":{"start":{"line":144,"column":20},"end":{"line":148,"column":21}},"type":"if","locations":[{"start":{"line":144,"column":20},"end":{"line":148,"column":21}}]}},"s":{"0":3,"1":39,"2":39,"3":39,"4":2,"5":1,"6":1,"7":1,"8":1,"9":9,"10":8,"11":1,"12":1,"13":11,"14":11,"15":0,"16":11,"17":11,"18":0,"19":11,"20":11,"21":11,"22":3,"23":3,"24":3,"25":3,"26":0,"27":0,"28":3,"29":0,"30":3,"31":3,"32":3,"33":2,"34":2,"35":2,"36":0,"37":0,"38":0,"39":0,"40":3,"41":3,"42":0,"43":0,"44":3,"45":1,"46":2,"47":2,"48":2,"49":2,"50":2,"51":5,"52":5,"53":5,"54":0,"55":0,"56":5,"57":5,"58":5,"59":5,"60":5,"61":0,"62":0,"63":0,"64":0,"65":0,"66":0,"67":0,"68":0,"69":0,"70":0,"71":0,"72":0,"73":0,"74":0,"75":0,"76":0,"77":0,"78":0,"79":0,"80":0,"81":0,"82":0,"83":0,"84":3},"f":{"0":39,"1":2,"2":1,"3":1,"4":1,"5":9,"6":1,"7":11,"8":3,"9":3,"10":5,"11":0,"12":0},"b":{"0":[0],"1":[0],"2":[0],"3":[0],"4":[3,0],"5":[0],"6":[1],"7":[3,3],"8":[2],"9":[0],"10":[5,5,5],"11":[5,0],"12":[5,5],"13":[0],"14":[0],"15":[0],"16":[0],"17":[0],"18":[0]}}
,"/Users/kwame007/Desktop/statically-strict-debugger/src/general.ts": {"path":"/Users/kwame007/Desktop/statically-strict-debugger/src/general.ts","statementMap":{"0":{"start":{"line":5,"column":4},"end":{"line":13,"column":null}},"1":{"start":{"line":15,"column":4},"end":{"line":20,"column":null}},"2":{"start":{"line":24,"column":12},"end":{"line":24,"column":71}},"3":{"start":{"line":27,"column":8},"end":{"line":27,"column":31}},"4":{"start":{"line":28,"column":8},"end":{"line":28,"column":32}},"5":{"start":{"line":32,"column":8},"end":{"line":34,"column":9}},"6":{"start":{"line":33,"column":12},"end":{"line":33,"column":29}},"7":{"start":{"line":35,"column":8},"end":{"line":35,"column":41}},"8":{"start":{"line":39,"column":8},"end":{"line":39,"column":36}},"9":{"start":{"line":43,"column":32},"end":{"line":43,"column":98}},"10":{"start":{"line":44,"column":21},"end":{"line":44,"column":64}},"11":{"start":{"line":45,"column":8},"end":{"line":45,"column":20}},"12":{"start":{"line":49,"column":21},"end":{"line":49,"column":93}},"13":{"start":{"line":50,"column":21},"end":{"line":50,"column":73}},"14":{"start":{"line":51,"column":8},"end":{"line":51,"column":20}},"15":{"start":{"line":55,"column":8},"end":{"line":55,"column":56}},"16":{"start":{"line":59,"column":8},"end":{"line":63,"column":10}},"17":{"start":{"line":68,"column":21},"end":{"line":68,"column":47}},"18":{"start":{"line":69,"column":8},"end":{"line":69,"column":51}},"19":{"start":{"line":74,"column":32},"end":{"line":74,"column":70}},"20":{"start":{"line":75,"column":8},"end":{"line":77,"column":9}},"21":{"start":{"line":76,"column":12},"end":{"line":76,"column":42}},"22":{"start":{"line":80,"column":24},"end":{"line":83,"column":16}},"23":{"start":{"line":81,"column":12},"end":{"line":81,"column":29}},"24":{"start":{"line":82,"column":12},"end":{"line":82,"column":54}},"25":{"start":{"line":85,"column":8},"end":{"line":85,"column":56}},"26":{"start":{"line":89,"column":8},"end":{"line":89,"column":50}},"27":{"start":{"line":93,"column":32},"end":{"line":93,"column":75}},"28":{"start":{"line":94,"column":8},"end":{"line":94,"column":85}},"29":{"start":{"line":98,"column":8},"end":{"line":98,"column":63}},"30":{"start":{"line":102,"column":8},"end":{"line":102,"column":null}},"31":{"start":{"line":106,"column":8},"end":{"line":106,"column":36}},"32":{"start":{"line":110,"column":8},"end":{"line":110,"column":43}},"33":{"start":{"line":114,"column":8},"end":{"line":114,"column":43}},"34":{"start":{"line":117,"column":8},"end":{"line":117,"column":40}},"35":{"start":{"line":122,"column":8},"end":{"line":132,"column":9}},"36":{"start":{"line":123,"column":12},"end":{"line":123,"column":48}},"37":{"start":{"line":124,"column":15},"end":{"line":132,"column":9}},"38":{"start":{"line":125,"column":37},"end":{"line":125,"column":78}},"39":{"start":{"line":126,"column":12},"end":{"line":126,"column":59}},"40":{"start":{"line":127,"column":15},"end":{"line":132,"column":9}},"41":{"start":{"line":128,"column":12},"end":{"line":128,"column":54}},"42":{"start":{"line":131,"column":12},"end":{"line":131,"column":56}},"43":{"start":{"line":134,"column":30},"end":{"line":134,"column":68}},"44":{"start":{"line":137,"column":8},"end":{"line":137,"column":40}},"45":{"start":{"line":137,"column":33},"end":{"line":137,"column":40}},"46":{"start":{"line":139,"column":8},"end":{"line":139,"column":44}},"47":{"start":{"line":143,"column":22},"end":{"line":143,"column":37}},"48":{"start":{"line":144,"column":24},"end":{"line":144,"column":39}},"49":{"start":{"line":145,"column":8},"end":{"line":145,"column":23}}},"fnMap":{"0":{"name":"(anonymous_0)","decl":{"start":{"line":26,"column":4},"end":{"line":26,"column":null}},"loc":{"start":{"line":26,"column":4},"end":{"line":29,"column":5}}},"1":{"name":"(anonymous_1)","decl":{"start":{"line":31,"column":4},"end":{"line":31,"column":16}},"loc":{"start":{"line":31,"column":29},"end":{"line":36,"column":5}}},"2":{"name":"(anonymous_2)","decl":{"start":{"line":38,"column":4},"end":{"line":38,"column":11}},"loc":{"start":{"line":38,"column":11},"end":{"line":40,"column":5}}},"3":{"name":"(anonymous_3)","decl":{"start":{"line":42,"column":4},"end":{"line":42,"column":28}},"loc":{"start":{"line":42,"column":98},"end":{"line":46,"column":5}}},"4":{"name":"(anonymous_4)","decl":{"start":{"line":48,"column":4},"end":{"line":48,"column":20}},"loc":{"start":{"line":48,"column":88},"end":{"line":52,"column":5}}},"5":{"name":"(anonymous_5)","decl":{"start":{"line":54,"column":4},"end":{"line":54,"column":14}},"loc":{"start":{"line":54,"column":78},"end":{"line":56,"column":5}}},"6":{"name":"(anonymous_6)","decl":{"start":{"line":58,"column":4},"end":{"line":58,"column":16}},"loc":{"start":{"line":58,"column":32},"end":{"line":65,"column":5}}},"7":{"name":"(anonymous_7)","decl":{"start":{"line":67,"column":4},"end":{"line":67,"column":23}},"loc":{"start":{"line":67,"column":87},"end":{"line":70,"column":5}}},"8":{"name":"(anonymous_8)","decl":{"start":{"line":72,"column":4},"end":{"line":72,"column":22}},"loc":{"start":{"line":72,"column":43},"end":{"line":86,"column":5}}},"9":{"name":"(anonymous_9)","decl":{"start":{"line":80,"column":35},"end":{"line":80,"column":38}},"loc":{"start":{"line":80,"column":40},"end":{"line":83,"column":9}}},"10":{"name":"(anonymous_10)","decl":{"start":{"line":88,"column":4},"end":{"line":88,"column":12}},"loc":{"start":{"line":88,"column":30},"end":{"line":90,"column":5}}},"11":{"name":"(anonymous_11)","decl":{"start":{"line":92,"column":4},"end":{"line":92,"column":19}},"loc":{"start":{"line":92,"column":96},"end":{"line":95,"column":5}}},"12":{"name":"(anonymous_12)","decl":{"start":{"line":97,"column":4},"end":{"line":97,"column":24}},"loc":{"start":{"line":97,"column":67},"end":{"line":99,"column":5}}},"13":{"name":"(anonymous_13)","decl":{"start":{"line":101,"column":4},"end":{"line":101,"column":23}},"loc":{"start":{"line":101,"column":43},"end":{"line":103,"column":5}}},"14":{"name":"(anonymous_14)","decl":{"start":{"line":105,"column":4},"end":{"line":105,"column":21}},"loc":{"start":{"line":105,"column":55},"end":{"line":107,"column":5}}},"15":{"name":"(anonymous_15)","decl":{"start":{"line":109,"column":4},"end":{"line":109,"column":16}},"loc":{"start":{"line":109,"column":36},"end":{"line":111,"column":5}}},"16":{"name":"(anonymous_16)","decl":{"start":{"line":113,"column":4},"end":{"line":113,"column":16}},"loc":{"start":{"line":113,"column":36},"end":{"line":115,"column":5}}},"17":{"name":"(anonymous_17)","decl":{"start":{"line":116,"column":4},"end":{"line":116,"column":13}},"loc":{"start":{"line":116,"column":33},"end":{"line":118,"column":5}}},"18":{"name":"(anonymous_18)","decl":{"start":{"line":120,"column":4},"end":{"line":120,"column":23}},"loc":{"start":{"line":120,"column":46},"end":{"line":140,"column":5}}},"19":{"name":"(anonymous_19)","decl":{"start":{"line":142,"column":4},"end":{"line":142,"column":25}},"loc":{"start":{"line":142,"column":37},"end":{"line":146,"column":5}}}},"branchMap":{"0":{"loc":{"start":{"line":32,"column":8},"end":{"line":34,"column":9}},"type":"if","locations":[{"start":{"line":32,"column":8},"end":{"line":34,"column":9}}]},"1":{"loc":{"start":{"line":32,"column":12},"end":{"line":32,"column":51}},"type":"binary-expr","locations":[{"start":{"line":32,"column":12},"end":{"line":32,"column":17}},{"start":{"line":32,"column":21},"end":{"line":32,"column":51}}]},"2":{"loc":{"start":{"line":42,"column":50},"end":{"line":42,"column":77}},"type":"default-arg","locations":[{"start":{"line":42,"column":69},"end":{"line":42,"column":77}}]},"3":{"loc":{"start":{"line":42,"column":79},"end":{"line":42,"column":98}},"type":"default-arg","locations":[{"start":{"line":42,"column":95},"end":{"line":42,"column":98}}]},"4":{"loc":{"start":{"line":44,"column":21},"end":{"line":44,"column":64}},"type":"cond-expr","locations":[{"start":{"line":44,"column":49},"end":{"line":44,"column":51}},{"start":{"line":44,"column":49},"end":{"line":44,"column":64}}]},"5":{"loc":{"start":{"line":44,"column":21},"end":{"line":44,"column":51}},"type":"binary-expr","locations":[{"start":{"line":44,"column":21},"end":{"line":44,"column":51}},{"start":{"line":44,"column":49},"end":{"line":44,"column":51}}]},"6":{"loc":{"start":{"line":44,"column":21},"end":{"line":44,"column":49}},"type":"cond-expr","locations":[{"start":{"line":44,"column":36},"end":{"line":44,"column":38}},{"start":{"line":44,"column":21},"end":{"line":44,"column":49}}]},"7":{"loc":{"start":{"line":44,"column":21},"end":{"line":44,"column":38}},"type":"binary-expr","locations":[{"start":{"line":44,"column":21},"end":{"line":44,"column":38}},{"start":{"line":44,"column":21},"end":{"line":44,"column":38}}]},"8":{"loc":{"start":{"line":50,"column":21},"end":{"line":50,"column":73}},"type":"cond-expr","locations":[{"start":{"line":50,"column":28},"end":{"line":50,"column":61}},{"start":{"line":50,"column":64},"end":{"line":50,"column":73}}]},"9":{"loc":{"start":{"line":75,"column":8},"end":{"line":77,"column":9}},"type":"if","locations":[{"start":{"line":75,"column":8},"end":{"line":77,"column":9}}]},"10":{"loc":{"start":{"line":94,"column":15},"end":{"line":94,"column":84}},"type":"cond-expr","locations":[{"start":{"line":94,"column":33},"end":{"line":94,"column":77}},{"start":{"line":94,"column":80},"end":{"line":94,"column":84}}]},"11":{"loc":{"start":{"line":122,"column":8},"end":{"line":132,"column":9}},"type":"if","locations":[{"start":{"line":122,"column":8},"end":{"line":132,"column":9}},{"start":{"line":124,"column":15},"end":{"line":132,"column":9}}]},"12":{"loc":{"start":{"line":124,"column":15},"end":{"line":132,"column":9}},"type":"if","locations":[{"start":{"line":124,"column":15},"end":{"line":132,"column":9}},{"start":{"line":127,"column":15},"end":{"line":132,"column":9}}]},"13":{"loc":{"start":{"line":127,"column":15},"end":{"line":132,"column":9}},"type":"if","locations":[{"start":{"line":127,"column":15},"end":{"line":132,"column":9}},{"start":{"line":130,"column":15},"end":{"line":132,"column":9}}]},"14":{"loc":{"start":{"line":134,"column":30},"end":{"line":134,"column":68}},"type":"cond-expr","locations":[{"start":{"line":134,"column":36},"end":{"line":134,"column":38}},{"start":{"line":134,"column":30},"end":{"line":134,"column":68}}]},"15":{"loc":{"start":{"line":134,"column":30},"end":{"line":134,"column":38}},"type":"binary-expr","locations":[{"start":{"line":134,"column":30},"end":{"line":134,"column":38}},{"start":{"line":134,"column":30},"end":{"line":134,"column":38}}]},"16":{"loc":{"start":{"line":137,"column":8},"end":{"line":137,"column":40}},"type":"if","locations":[{"start":{"line":137,"column":8},"end":{"line":137,"column":40}}]}},"s":{"0":0,"1":0,"2":0,"3":0,"4":0,"5":0,"6":0,"7":0,"8":0,"9":0,"10":0,"11":0,"12":0,"13":0,"14":0,"15":0,"16":0,"17":0,"18":0,"19":0,"20":0,"21":0,"22":0,"23":0,"24":0,"25":0,"26":0,"27":0,"28":0,"29":0,"30":0,"31":0,"32":0,"33":0,"34":0,"35":0,"36":0,"37":0,"38":0,"39":0,"40":0,"41":0,"42":0,"43":0,"44":0,"45":0,"46":0,"47":0,"48":0,"49":0},"f":{"0":0,"1":0,"2":0,"3":0,"4":0,"5":0,"6":0,"7":0,"8":0,"9":0,"10":0,"11":0,"12":0,"13":0,"14":0,"15":0,"16":0,"17":0,"18":0,"19":0},"b":{"0":[0],"1":[0,0],"2":[0],"3":[0],"4":[0,0],"5":[0,0],"6":[0,0],"7":[0,0],"8":[0,0],"9":[0],"10":[0,0],"11":[0,0],"12":[0,0],"13":[0,0],"14":[0,0],"15":[0,0],"16":[0]}}
,"/Users/kwame007/Desktop/statically-strict-debugger/src/main.ts": {"path":"/Users/kwame007/Desktop/statically-strict-debugger/src/main.ts","statementMap":{"0":{"start":{"line":5,"column":23},"end":{"line":5,"column":82}},"1":{"start":{"line":6,"column":17},"end":{"line":6,"column":62}},"2":{"start":{"line":7,"column":27},"end":{"line":7,"column":90}},"3":{"start":{"line":8,"column":33},"end":{"line":8,"column":102}},"4":{"start":{"line":9,"column":12},"end":{"line":9,"column":56}},"5":{"start":{"line":10,"column":15},"end":{"line":10,"column":73}},"6":{"start":{"line":17,"column":31},"end":{"line":17,"column":42}},"7":{"start":{"line":18,"column":42},"end":{"line":18,"column":63}},"8":{"start":{"line":21,"column":40},"end":{"line":21,"column":44}},"9":{"start":{"line":22,"column":28},"end":{"line":22,"column":32}},"10":{"start":{"line":26,"column":0},"end":{"line":39,"column":3}},"11":{"start":{"line":27,"column":4},"end":{"line":27,"column":40}},"12":{"start":{"line":28,"column":4},"end":{"line":28,"column":41}},"13":{"start":{"line":31,"column":4},"end":{"line":38,"column":5}},"14":{"start":{"line":32,"column":8},"end":{"line":32,"column":64}},"15":{"start":{"line":32,"column":37},"end":{"line":32,"column":62}},"16":{"start":{"line":33,"column":8},"end":{"line":33,"column":57}},"17":{"start":{"line":34,"column":8},"end":{"line":34,"column":42}},"18":{"start":{"line":36,"column":8},"end":{"line":36,"column":54}},"19":{"start":{"line":41,"column":0},"end":{"line":65,"column":3}},"20":{"start":{"line":42,"column":28},"end":{"line":42,"column":47}},"21":{"start":{"line":45,"column":4},"end":{"line":53,"column":5}},"22":{"start":{"line":46,"column":28},"end":{"line":46,"column":97}},"23":{"start":{"line":47,"column":8},"end":{"line":50,"column":9}},"24":{"start":{"line":48,"column":12},"end":{"line":48,"column":60}},"25":{"start":{"line":49,"column":12},"end":{"line":49,"column":19}},"26":{"start":{"line":51,"column":8},"end":{"line":51,"column":70}},"27":{"start":{"line":52,"column":8},"end":{"line":52,"column":15}},"28":{"start":{"line":56,"column":4},"end":{"line":64,"column":5}},"29":{"start":{"line":57,"column":36},"end":{"line":57,"column":86}},"30":{"start":{"line":58,"column":8},"end":{"line":61,"column":9}},"31":{"start":{"line":59,"column":12},"end":{"line":59,"column":64}},"32":{"start":{"line":60,"column":12},"end":{"line":60,"column":19}},"33":{"start":{"line":62,"column":8},"end":{"line":62,"column":72}},"34":{"start":{"line":63,"column":8},"end":{"line":63,"column":15}},"35":{"start":{"line":67,"column":0},"end":{"line":79,"column":3}},"36":{"start":{"line":68,"column":19},"end":{"line":68,"column":47}},"37":{"start":{"line":69,"column":4},"end":{"line":72,"column":5}},"38":{"start":{"line":70,"column":8},"end":{"line":70,"column":46}},"39":{"start":{"line":71,"column":8},"end":{"line":71,"column":15}},"40":{"start":{"line":73,"column":26},"end":{"line":73,"column":50}},"41":{"start":{"line":74,"column":4},"end":{"line":77,"column":5}},"42":{"start":{"line":75,"column":8},"end":{"line":75,"column":61}},"43":{"start":{"line":76,"column":8},"end":{"line":76,"column":15}},"44":{"start":{"line":78,"column":4},"end":{"line":78,"column":62}},"45":{"start":{"line":82,"column":0},"end":{"line":120,"column":3}},"46":{"start":{"line":83,"column":28},"end":{"line":83,"column":51}},"47":{"start":{"line":84,"column":4},"end":{"line":87,"column":5}},"48":{"start":{"line":85,"column":8},"end":{"line":85,"column":45}},"49":{"start":{"line":86,"column":8},"end":{"line":86,"column":15}},"50":{"start":{"line":89,"column":4},"end":{"line":92,"column":5}},"51":{"start":{"line":90,"column":7},"end":{"line":90,"column":42}},"52":{"start":{"line":91,"column":7},"end":{"line":91,"column":14}},"53":{"start":{"line":95,"column":4},"end":{"line":98,"column":5}},"54":{"start":{"line":96,"column":8},"end":{"line":96,"column":63}},"55":{"start":{"line":97,"column":8},"end":{"line":97,"column":15}},"56":{"start":{"line":101,"column":4},"end":{"line":104,"column":5}},"57":{"start":{"line":102,"column":8},"end":{"line":102,"column":69}},"58":{"start":{"line":103,"column":8},"end":{"line":103,"column":15}},"59":{"start":{"line":107,"column":4},"end":{"line":110,"column":5}},"60":{"start":{"line":108,"column":8},"end":{"line":108,"column":70}},"61":{"start":{"line":109,"column":8},"end":{"line":109,"column":15}},"62":{"start":{"line":113,"column":4},"end":{"line":119,"column":5}},"63":{"start":{"line":114,"column":8},"end":{"line":118,"column":9}},"64":{"start":{"line":115,"column":12},"end":{"line":115,"column":83}},"65":{"start":{"line":116,"column":15},"end":{"line":118,"column":9}},"66":{"start":{"line":117,"column":12},"end":{"line":117,"column":84}}},"fnMap":{"0":{"name":"(anonymous_7)","decl":{"start":{"line":26,"column":42},"end":{"line":26,"column":57}},"loc":{"start":{"line":26,"column":70},"end":{"line":39,"column":2}}},"1":{"name":"(anonymous_9)","decl":{"start":{"line":32,"column":26},"end":{"line":32,"column":33}},"loc":{"start":{"line":32,"column":37},"end":{"line":32,"column":62}}},"2":{"name":"(anonymous_10)","decl":{"start":{"line":41,"column":46},"end":{"line":41,"column":47}},"loc":{"start":{"line":41,"column":70},"end":{"line":65,"column":1}}},"3":{"name":"(anonymous_11)","decl":{"start":{"line":67,"column":47},"end":{"line":67,"column":48}},"loc":{"start":{"line":67,"column":66},"end":{"line":79,"column":1}}},"4":{"name":"(anonymous_12)","decl":{"start":{"line":82,"column":52},"end":{"line":82,"column":53}},"loc":{"start":{"line":82,"column":76},"end":{"line":120,"column":1}}}},"branchMap":{"0":{"loc":{"start":{"line":26,"column":0},"end":{"line":39,"column":2}},"type":"cond-expr","locations":[{"start":{"line":26,"column":14},"end":{"line":26,"column":16}},{"start":{"line":26,"column":0},"end":{"line":39,"column":2}}]},"1":{"loc":{"start":{"line":26,"column":0},"end":{"line":26,"column":16}},"type":"binary-expr","locations":[{"start":{"line":26,"column":0},"end":{"line":26,"column":16}},{"start":{"line":26,"column":0},"end":{"line":26,"column":16}}]},"2":{"loc":{"start":{"line":41,"column":0},"end":{"line":65,"column":2}},"type":"cond-expr","locations":[{"start":{"line":41,"column":18},"end":{"line":41,"column":20}},{"start":{"line":41,"column":0},"end":{"line":65,"column":2}}]},"3":{"loc":{"start":{"line":41,"column":0},"end":{"line":41,"column":20}},"type":"binary-expr","locations":[{"start":{"line":41,"column":0},"end":{"line":41,"column":20}},{"start":{"line":41,"column":0},"end":{"line":41,"column":20}}]},"4":{"loc":{"start":{"line":45,"column":4},"end":{"line":53,"column":5}},"type":"if","locations":[{"start":{"line":45,"column":4},"end":{"line":53,"column":5}}]},"5":{"loc":{"start":{"line":45,"column":8},"end":{"line":45,"column":49}},"type":"cond-expr","locations":[{"start":{"line":45,"column":23},"end":{"line":45,"column":25}},{"start":{"line":45,"column":8},"end":{"line":45,"column":49}}]},"6":{"loc":{"start":{"line":45,"column":8},"end":{"line":45,"column":25}},"type":"binary-expr","locations":[{"start":{"line":45,"column":8},"end":{"line":45,"column":25}},{"start":{"line":45,"column":8},"end":{"line":45,"column":25}}]},"7":{"loc":{"start":{"line":46,"column":28},"end":{"line":46,"column":97}},"type":"cond-expr","locations":[{"start":{"line":46,"column":78},"end":{"line":46,"column":80}},{"start":{"line":46,"column":78},"end":{"line":46,"column":97}}]},"8":{"loc":{"start":{"line":46,"column":28},"end":{"line":46,"column":80}},"type":"binary-expr","locations":[{"start":{"line":46,"column":28},"end":{"line":46,"column":80}},{"start":{"line":46,"column":78},"end":{"line":46,"column":80}}]},"9":{"loc":{"start":{"line":47,"column":8},"end":{"line":50,"column":9}},"type":"if","locations":[{"start":{"line":47,"column":8},"end":{"line":50,"column":9}}]},"10":{"loc":{"start":{"line":56,"column":4},"end":{"line":64,"column":5}},"type":"if","locations":[{"start":{"line":56,"column":4},"end":{"line":64,"column":5}}]},"11":{"loc":{"start":{"line":56,"column":8},"end":{"line":56,"column":59}},"type":"cond-expr","locations":[{"start":{"line":56,"column":23},"end":{"line":56,"column":25}},{"start":{"line":56,"column":8},"end":{"line":56,"column":59}}]},"12":{"loc":{"start":{"line":56,"column":8},"end":{"line":56,"column":25}},"type":"binary-expr","locations":[{"start":{"line":56,"column":8},"end":{"line":56,"column":25}},{"start":{"line":56,"column":8},"end":{"line":56,"column":25}}]},"13":{"loc":{"start":{"line":58,"column":8},"end":{"line":61,"column":9}},"type":"if","locations":[{"start":{"line":58,"column":8},"end":{"line":61,"column":9}}]},"14":{"loc":{"start":{"line":67,"column":0},"end":{"line":79,"column":2}},"type":"cond-expr","locations":[{"start":{"line":67,"column":18},"end":{"line":67,"column":20}},{"start":{"line":67,"column":0},"end":{"line":79,"column":2}}]},"15":{"loc":{"start":{"line":67,"column":0},"end":{"line":67,"column":20}},"type":"binary-expr","locations":[{"start":{"line":67,"column":0},"end":{"line":67,"column":20}},{"start":{"line":67,"column":0},"end":{"line":67,"column":20}}]},"16":{"loc":{"start":{"line":69,"column":4},"end":{"line":72,"column":5}},"type":"if","locations":[{"start":{"line":69,"column":4},"end":{"line":72,"column":5}}]},"17":{"loc":{"start":{"line":69,"column":8},"end":{"line":69,"column":32}},"type":"binary-expr","locations":[{"start":{"line":69,"column":8},"end":{"line":69,"column":15}},{"start":{"line":69,"column":19},"end":{"line":69,"column":32}}]},"18":{"loc":{"start":{"line":74,"column":4},"end":{"line":77,"column":5}},"type":"if","locations":[{"start":{"line":74,"column":4},"end":{"line":77,"column":5}}]},"19":{"loc":{"start":{"line":82,"column":0},"end":{"line":120,"column":2}},"type":"cond-expr","locations":[{"start":{"line":82,"column":24},"end":{"line":82,"column":26}},{"start":{"line":82,"column":0},"end":{"line":120,"column":2}}]},"20":{"loc":{"start":{"line":82,"column":0},"end":{"line":82,"column":26}},"type":"binary-expr","locations":[{"start":{"line":82,"column":0},"end":{"line":82,"column":26}},{"start":{"line":82,"column":0},"end":{"line":82,"column":26}}]},"21":{"loc":{"start":{"line":84,"column":4},"end":{"line":87,"column":5}},"type":"if","locations":[{"start":{"line":84,"column":4},"end":{"line":87,"column":5}}]},"22":{"loc":{"start":{"line":89,"column":4},"end":{"line":92,"column":5}},"type":"if","locations":[{"start":{"line":89,"column":4},"end":{"line":92,"column":5}}]},"23":{"loc":{"start":{"line":95,"column":4},"end":{"line":98,"column":5}},"type":"if","locations":[{"start":{"line":95,"column":4},"end":{"line":98,"column":5}}]},"24":{"loc":{"start":{"line":101,"column":4},"end":{"line":104,"column":5}},"type":"if","locations":[{"start":{"line":101,"column":4},"end":{"line":104,"column":5}}]},"25":{"loc":{"start":{"line":107,"column":4},"end":{"line":110,"column":5}},"type":"if","locations":[{"start":{"line":107,"column":4},"end":{"line":110,"column":5}}]},"26":{"loc":{"start":{"line":113,"column":4},"end":{"line":119,"column":5}},"type":"if","locations":[{"start":{"line":113,"column":4},"end":{"line":119,"column":5}}]},"27":{"loc":{"start":{"line":113,"column":8},"end":{"line":113,"column":86}},"type":"binary-expr","locations":[{"start":{"line":113,"column":8},"end":{"line":113,"column":36}},{"start":{"line":113,"column":40},"end":{"line":113,"column":86}}]},"28":{"loc":{"start":{"line":113,"column":8},"end":{"line":113,"column":36}},"type":"cond-expr","locations":[{"start":{"line":113,"column":23},"end":{"line":113,"column":25}},{"start":{"line":113,"column":8},"end":{"line":113,"column":36}}]},"29":{"loc":{"start":{"line":113,"column":8},"end":{"line":113,"column":25}},"type":"binary-expr","locations":[{"start":{"line":113,"column":8},"end":{"line":113,"column":25}},{"start":{"line":113,"column":8},"end":{"line":113,"column":25}}]},"30":{"loc":{"start":{"line":114,"column":8},"end":{"line":118,"column":9}},"type":"if","locations":[{"start":{"line":114,"column":8},"end":{"line":118,"column":9}},{"start":{"line":116,"column":15},"end":{"line":118,"column":9}}]},"31":{"loc":{"start":{"line":116,"column":15},"end":{"line":118,"column":9}},"type":"if","locations":[{"start":{"line":116,"column":15},"end":{"line":118,"column":9}}]}},"s":{"0":0,"1":0,"2":0,"3":0,"4":0,"5":0,"6":0,"7":0,"8":0,"9":0,"10":0,"11":0,"12":0,"13":0,"14":0,"15":0,"16":0,"17":0,"18":0,"19":0,"20":0,"21":0,"22":0,"23":0,"24":0,"25":0,"26":0,"27":0,"28":0,"29":0,"30":0,"31":0,"32":0,"33":0,"34":0,"35":0,"36":0,"37":0,"38":0,"39":0,"40":0,"41":0,"42":0,"43":0,"44":0,"45":0,"46":0,"47":0,"48":0,"49":0,"50":0,"51":0,"52":0,"53":0,"54":0,"55":0,"56":0,"57":0,"58":0,"59":0,"60":0,"61":0,"62":0,"63":0,"64":0,"65":0,"66":0},"f":{"0":0,"1":0,"2":0,"3":0,"4":0},"b":{"0":[0,0],"1":[0,0],"2":[0,0],"3":[0,0],"4":[0],"5":[0,0],"6":[0,0],"7":[0,0],"8":[0,0],"9":[0],"10":[0],"11":[0,0],"12":[0,0],"13":[0],"14":[0,0],"15":[0,0],"16":[0],"17":[0,0],"18":[0],"19":[0,0],"20":[0,0],"21":[0],"22":[0],"23":[0],"24":[0],"25":[0],"26":[0],"27":[0,0],"28":[0,0],"29":[0,0],"30":[0,0],"31":[0]}}
}
