TN:
SF:src/advanceSettings.ts
FN:50,(anonymous_9)
FN:151,(anonymous_10)
FN:172,(anonymous_11)
FN:177,(anonymous_12)
FN:187,(anonymous_13)
FN:193,(anonymous_14)
FN:226,(anonymous_15)
FN:258,(anonymous_16)
FN:264,(anonymous_17)
FN:268,(anonymous_18)
FN:273,(anonymous_19)
FN:278,(anonymous_20)
FN:282,(anonymous_21)
FN:293,(anonymous_22)
FN:299,(anonymous_23)
FN:300,(anonymous_25)
FN:303,(anonymous_26)
FN:310,(anonymous_27)
FN:332,(anonymous_28)
FN:344,(anonymous_29)
FN:54,_AdvanceSettings_markup
FN:120,_AdvanceSettings_analyticsUsage
FNF:22
FNH:16
FNDA:19,(anonymous_9)
FNDA:7,(anonymous_10)
FNDA:1,(anonymous_11)
FNDA:1,(anonymous_12)
FNDA:1,(anonymous_13)
FNDA:2,(anonymous_14)
FNDA:1,(anonymous_15)
FNDA:0,(anonymous_16)
FNDA:0,(anonymous_17)
FNDA:0,(anonymous_18)
FNDA:7,(anonymous_19)
FNDA:0,(anonymous_20)
FNDA:2,(anonymous_21)
FNDA:1,(anonymous_22)
FNDA:1,(anonymous_23)
FNDA:1,(anonymous_25)
FNDA:1,(anonymous_26)
FNDA:60,(anonymous_27)
FNDA:0,(anonymous_28)
FNDA:0,(anonymous_29)
FNDA:7,_AdvanceSettings_markup
FNDA:7,_AdvanceSettings_analyticsUsage
DA:4,2
DA:51,19
DA:54,2
DA:55,7
DA:56,7
DA:123,7
DA:124,7
DA:125,0
DA:126,0
DA:129,7
DA:148,7
DA:152,7
DA:153,7
DA:154,7
DA:155,0
DA:156,0
DA:158,7
DA:159,7
DA:160,0
DA:161,0
DA:163,7
DA:166,7
DA:169,7
DA:173,1
DA:174,1
DA:178,1
DA:179,1
DA:182,1
DA:184,1
DA:188,1
DA:189,1
DA:190,1
DA:194,2
DA:195,2
DA:198,2
DA:199,2
DA:200,2
DA:203,0
DA:204,0
DA:205,0
DA:206,0
DA:207,0
DA:210,0
DA:211,0
DA:214,0
DA:215,0
DA:216,0
DA:220,0
DA:223,0
DA:227,1
DA:228,1
DA:231,1
DA:232,1
DA:233,1
DA:236,0
DA:237,0
DA:238,0
DA:239,0
DA:242,0
DA:243,0
DA:246,0
DA:247,0
DA:248,0
DA:252,0
DA:255,0
DA:259,0
DA:260,0
DA:261,0
DA:265,0
DA:269,0
DA:270,0
DA:274,7
DA:275,7
DA:279,0
DA:283,2
DA:285,2
DA:286,2
DA:287,2
DA:288,2
DA:290,2
DA:294,1
DA:295,1
DA:296,1
DA:300,1
DA:303,1
DA:304,1
DA:305,1
DA:309,1
DA:310,1
DA:311,60
DA:313,60
DA:318,1
DA:319,1
DA:320,1
DA:321,0
DA:322,0
DA:324,1
DA:329,1
DA:332,1
DA:333,0
DA:334,0
DA:338,0
DA:339,0
DA:345,0
DA:346,0
DA:347,0
DA:348,0
DA:350,0
DA:352,0
DA:353,0
DA:358,2
LF:111
LH:62
BRDA:154,0,0,0
BRDA:159,1,0,0
BRDA:182,2,0,0
BRDA:182,2,1,1
BRDA:182,3,0,1
BRDA:182,3,1,1
BRDA:198,4,0,2
BRDA:205,5,0,0
BRDA:215,6,0,0
BRDA:231,7,0,1
BRDA:237,8,0,0
BRDA:247,9,0,0
BRDA:259,10,0,0
BRDA:274,11,0,0
BRDA:304,12,0,1
BRDA:313,13,0,1
BRDA:314,14,0,60
BRDA:314,14,1,60
BRDA:314,14,2,28
BRDA:320,15,0,0
BRDA:347,16,0,0
BRDA:124,17,0,0
BRF:22
BRH:10
end_of_record
TN:
SF:src/basicSettings.ts
FN:9,(anonymous_1)
FN:13,(anonymous_2)
FN:25,(anonymous_3)
FN:30,(anonymous_4)
FN:31,(anonymous_5)
FN:36,(anonymous_6)
FN:41,(anonymous_7)
FN:46,(anonymous_8)
FN:61,(anonymous_9)
FN:88,(anonymous_10)
FN:107,(anonymous_11)
FN:136,(anonymous_12)
FN:142,(anonymous_13)
FNF:13
FNH:11
FNDA:39,(anonymous_1)
FNDA:2,(anonymous_2)
FNDA:1,(anonymous_3)
FNDA:1,(anonymous_4)
FNDA:1,(anonymous_5)
FNDA:9,(anonymous_6)
FNDA:1,(anonymous_7)
FNDA:11,(anonymous_8)
FNDA:3,(anonymous_9)
FNDA:3,(anonymous_10)
FNDA:5,(anonymous_11)
FNDA:0,(anonymous_12)
FNDA:0,(anonymous_13)
DA:3,3
DA:6,39
DA:7,39
DA:10,39
DA:14,2
DA:26,1
DA:27,1
DA:31,1
DA:32,1
DA:37,9
DA:38,8
DA:42,1
DA:43,1
DA:47,11
DA:48,11
DA:49,0
DA:51,11
DA:52,11
DA:53,0
DA:55,11
DA:56,11
DA:57,11
DA:62,3
DA:63,3
DA:64,3
DA:65,3
DA:66,0
DA:67,0
DA:70,3
DA:72,3
DA:74,3
DA:75,3
DA:76,2
DA:77,2
DA:78,2
DA:79,0
DA:81,0
DA:82,0
DA:83,0
DA:89,3
DA:91,3
DA:92,0
DA:93,0
DA:96,3
DA:98,2
DA:99,2
DA:101,2
DA:102,2
DA:103,2
DA:108,5
DA:109,5
DA:111,5
DA:112,0
DA:113,0
DA:116,5
DA:117,5
DA:118,5
DA:119,5
DA:120,5
DA:121,0
DA:123,0
DA:124,0
DA:125,0
DA:129,0
DA:130,0
DA:131,0
DA:132,0
DA:136,0
DA:137,0
DA:138,0
DA:139,0
DA:142,0
DA:143,0
DA:144,0
DA:145,0
DA:146,0
DA:147,0
DA:151,0
DA:154,0
DA:155,0
DA:163,3
LF:81
LH:48
BRDA:48,0,0,0
BRDA:52,1,0,0
BRDA:65,2,0,0
BRDA:70,3,0,0
BRDA:74,4,0,3
BRDA:74,4,1,0
BRDA:91,5,0,0
BRDA:96,6,0,1
BRDA:96,7,0,3
BRDA:96,7,1,3
BRDA:102,8,0,2
BRDA:111,9,0,0
BRDA:111,10,0,5
BRDA:111,10,1,5
BRDA:111,10,2,5
BRDA:116,11,0,5
BRDA:116,11,1,0
BRDA:118,12,0,5
BRDA:118,12,1,5
BRDA:121,13,0,0
BRDA:125,14,0,0
BRDA:129,15,0,0
BRDA:131,16,0,0
BRDA:138,17,0,0
BRDA:144,18,0,0
BRF:25
BRH:11
end_of_record
TN:
SF:src/general.ts
FN:26,(anonymous_0)
FN:31,(anonymous_1)
FN:38,(anonymous_2)
FN:42,(anonymous_3)
FN:48,(anonymous_4)
FN:54,(anonymous_5)
FN:58,(anonymous_6)
FN:67,(anonymous_7)
FN:72,(anonymous_8)
FN:80,(anonymous_9)
FN:88,(anonymous_10)
FN:92,(anonymous_11)
FN:97,(anonymous_12)
FN:101,(anonymous_13)
FN:105,(anonymous_14)
FN:109,(anonymous_15)
FN:113,(anonymous_16)
FN:116,(anonymous_17)
FN:120,(anonymous_18)
FN:142,(anonymous_19)
FNF:20
FNH:0
FNDA:0,(anonymous_0)
FNDA:0,(anonymous_1)
FNDA:0,(anonymous_2)
FNDA:0,(anonymous_3)
FNDA:0,(anonymous_4)
FNDA:0,(anonymous_5)
FNDA:0,(anonymous_6)
FNDA:0,(anonymous_7)
FNDA:0,(anonymous_8)
FNDA:0,(anonymous_9)
FNDA:0,(anonymous_10)
FNDA:0,(anonymous_11)
FNDA:0,(anonymous_12)
FNDA:0,(anonymous_13)
FNDA:0,(anonymous_14)
FNDA:0,(anonymous_15)
FNDA:0,(anonymous_16)
FNDA:0,(anonymous_17)
FNDA:0,(anonymous_18)
FNDA:0,(anonymous_19)
DA:5,0
DA:15,0
DA:24,0
DA:27,0
DA:28,0
DA:32,0
DA:33,0
DA:35,0
DA:39,0
DA:43,0
DA:44,0
DA:45,0
DA:49,0
DA:50,0
DA:51,0
DA:55,0
DA:59,0
DA:68,0
DA:69,0
DA:74,0
DA:75,0
DA:76,0
DA:80,0
DA:81,0
DA:82,0
DA:85,0
DA:89,0
DA:93,0
DA:94,0
DA:98,0
DA:102,0
DA:106,0
DA:110,0
DA:114,0
DA:117,0
DA:122,0
DA:123,0
DA:124,0
DA:125,0
DA:126,0
DA:127,0
DA:128,0
DA:131,0
DA:134,0
DA:137,0
DA:139,0
DA:143,0
DA:144,0
DA:145,0
LF:49
LH:0
BRDA:32,0,0,0
BRDA:32,1,0,0
BRDA:32,1,1,0
BRDA:42,2,0,0
BRDA:42,3,0,0
BRDA:44,4,0,0
BRDA:44,4,1,0
BRDA:44,5,0,0
BRDA:44,5,1,0
BRDA:44,6,0,0
BRDA:44,6,1,0
BRDA:44,7,0,0
BRDA:44,7,1,0
BRDA:50,8,0,0
BRDA:50,8,1,0
BRDA:75,9,0,0
BRDA:94,10,0,0
BRDA:94,10,1,0
BRDA:122,11,0,0
BRDA:122,11,1,0
BRDA:124,12,0,0
BRDA:124,12,1,0
BRDA:127,13,0,0
BRDA:127,13,1,0
BRDA:134,14,0,0
BRDA:134,14,1,0
BRDA:134,15,0,0
BRDA:134,15,1,0
BRDA:137,16,0,0
BRF:29
BRH:0
end_of_record
TN:
SF:src/main.ts
FN:26,(anonymous_7)
FN:32,(anonymous_9)
FN:41,(anonymous_10)
FN:67,(anonymous_11)
FN:82,(anonymous_12)
FNF:5
FNH:0
FNDA:0,(anonymous_7)
FNDA:0,(anonymous_9)
FNDA:0,(anonymous_10)
FNDA:0,(anonymous_11)
FNDA:0,(anonymous_12)
DA:5,0
DA:6,0
DA:7,0
DA:8,0
DA:9,0
DA:10,0
DA:17,0
DA:18,0
DA:21,0
DA:22,0
DA:26,0
DA:27,0
DA:28,0
DA:31,0
DA:32,0
DA:33,0
DA:34,0
DA:36,0
DA:41,0
DA:42,0
DA:45,0
DA:46,0
DA:47,0
DA:48,0
DA:49,0
DA:51,0
DA:52,0
DA:56,0
DA:57,0
DA:58,0
DA:59,0
DA:60,0
DA:62,0
DA:63,0
DA:67,0
DA:68,0
DA:69,0
DA:70,0
DA:71,0
DA:73,0
DA:74,0
DA:75,0
DA:76,0
DA:78,0
DA:82,0
DA:83,0
DA:84,0
DA:85,0
DA:86,0
DA:89,0
DA:90,0
DA:91,0
DA:95,0
DA:96,0
DA:97,0
DA:101,0
DA:102,0
DA:103,0
DA:107,0
DA:108,0
DA:109,0
DA:113,0
DA:114,0
DA:115,0
DA:116,0
DA:117,0
LF:66
LH:0
BRDA:26,0,0,0
BRDA:26,0,1,0
BRDA:26,1,0,0
BRDA:26,1,1,0
BRDA:41,2,0,0
BRDA:41,2,1,0
BRDA:41,3,0,0
BRDA:41,3,1,0
BRDA:45,4,0,0
BRDA:45,5,0,0
BRDA:45,5,1,0
BRDA:45,6,0,0
BRDA:45,6,1,0
BRDA:46,7,0,0
BRDA:46,7,1,0
BRDA:46,8,0,0
BRDA:46,8,1,0
BRDA:47,9,0,0
BRDA:56,10,0,0
BRDA:56,11,0,0
BRDA:56,11,1,0
BRDA:56,12,0,0
BRDA:56,12,1,0
BRDA:58,13,0,0
BRDA:67,14,0,0
BRDA:67,14,1,0
BRDA:67,15,0,0
BRDA:67,15,1,0
BRDA:69,16,0,0
BRDA:69,17,0,0
BRDA:69,17,1,0
BRDA:74,18,0,0
BRDA:82,19,0,0
BRDA:82,19,1,0
BRDA:82,20,0,0
BRDA:82,20,1,0
BRDA:84,21,0,0
BRDA:89,22,0,0
BRDA:95,23,0,0
BRDA:101,24,0,0
BRDA:107,25,0,0
BRDA:113,26,0,0
BRDA:113,27,0,0
BRDA:113,27,1,0
BRDA:113,28,0,0
BRDA:113,28,1,0
BRDA:113,29,0,0
BRDA:113,29,1,0
BRDA:114,30,0,0
BRDA:114,30,1,0
BRDA:116,31,0,0
BRF:51
BRH:0
end_of_record
